<?xml version="1.0" encoding="UTF-8"?>
<testsuite xmlns:xsi="http://www.w3.org/2001/XMLSchema-instance" xsi:noNamespaceSchemaLocation="https://maven.apache.org/surefire/maven-surefire-plugin/xsd/surefire-test-report.xsd" version="3.0.2" name="com.crm.task.TaskIntegrationTest" time="0.732" tests="1" errors="0" skipped="0" failures="0">
  <properties>
[...]
</properties>
  <testcase name="taskLifecycleIntegrationTest" classname="com.crm.task.TaskIntegrationTest" time="0.632">
    <system-out><![CDATA[2026-07-22T20:28:19.969+05:30  INFO 28512 --- [nexus-crm] [           main] t.c.s.AnnotationConfigContextLoaderUtils : Could not detect default configuration classes for test class [com.crm.task.TaskIntegrationTest]: TaskIntegrationTest does not declare any static, non-private, non-final, nested classes annotated with @Configuration.
2026-07-22T20:28:20.061+05:30  INFO 28512 --- [nexus-crm] [           main] .b.t.c.SpringBootTestContextBootstrapper : Found @SpringBootConfiguration com.crm.NexusCrmApplication for test class com.crm.task.TaskIntegrationTest
2026-07-22T20:28:20.234+05:30  INFO 28512 --- [nexus-crm] [           main] com.crm.lead.service.LeadService         : Lead created and scored synchronously. Lead ID: 403b7cf0-ec44-4502-8098-3dcc675f7ed7, Score: 90
2026-07-22T20:28:20.234+05:30  INFO 28512 --- [nexus-crm] [           main] com.crm.audit.service.AuditService       : Recorded audit log for LEAD ID '403b7cf0-ec44-4502-8098-3dcc675f7ed7' action 'LEAD_CREATED'
2026-07-22T20:28:20.234+05:30  INFO 28512 --- [nexus-crm] [           main] c.c.i.kafka.KafkaEventPublisher          : Publishing event to Kafka topic 'lead.scored' with key '403b7cf0-ec44-4502-8098-3dcc675f7ed7': LeadScoredEvent(leadId=403b7cf0-ec44-4502-8098-3dcc675f7ed7, email=jtask-7a5d8f1c-0e09-41a4-a7e3-61bbbc558bad@cyberdyne.com, companyName=Cyberdyne Systems, score=90, organizationId=null, timestamp=2026-07-22T14:58:20.234074900Z)
2026-07-22T20:28:20.244+05:30  INFO 28512 --- [nexus-crm] [ntainer#6-0-C-1] c.c.w.consumer.WorkflowEventConsumer     : Workflow received LeadScoredEvent for lead: 403b7cf0-ec44-4502-8098-3dcc675f7ed7
2026-07-22T20:28:20.244+05:30  INFO 28512 --- [nexus-crm] [ntainer#1-0-C-1] c.c.l.consumer.LeadScoredEventConsumer   : Received LeadScoredEvent for lead ID: 403b7cf0-ec44-4502-8098-3dcc675f7ed7, score: 90
2026-07-22T20:28:20.250+05:30  INFO 28512 --- [nexus-crm] [ntainer#6-0-C-1] c.crm.workflow.service.WorkflowService   : Evaluating workflow rules for event: 'LEAD_SCORED' in tenant: 'null'
2026-07-22T20:28:20.264+05:30  INFO 28512 --- [nexus-crm] [ntainer#1-0-C-1] c.c.lead.service.LeadAssignmentService   : Lead 403b7cf0-ec44-4502-8098-3dcc675f7ed7 successfully auto-assigned to Rep 3864d174-d477-4c73-ac79-b62cbf6b7b09
2026-07-22T20:28:20.268+05:30  INFO 28512 --- [nexus-crm] [ntainer#1-0-C-1] c.c.l.consumer.LeadScoredEventConsumer   : Publishing LeadAssignedEvent for lead ID: 403b7cf0-ec44-4502-8098-3dcc675f7ed7 assigned to Rep ID: 3864d174-d477-4c73-ac79-b62cbf6b7b09
2026-07-22T20:28:20.268+05:30  INFO 28512 --- [nexus-crm] [ntainer#1-0-C-1] c.c.i.kafka.KafkaEventPublisher          : Publishing event to Kafka topic 'lead.assigned' with key '403b7cf0-ec44-4502-8098-3dcc675f7ed7': LeadAssignedEvent(leadId=403b7cf0-ec44-4502-8098-3dcc675f7ed7, assignedRepId=3864d174-d477-4c73-ac79-b62cbf6b7b09, score=90, organizationId=e8888888-8888-8888-8888-888888888888, timestamp=2026-07-22T14:58:20.265393900Z)
2026-07-22T20:28:20.269+05:30  INFO 28512 --- [nexus-crm] [ntainer#1-0-C-1] o.a.k.clients.producer.ProducerConfig    : ProducerConfig values: 
	acks = -1
	auto.include.jmx.reporter = true
	batch.size = 16384
	bootstrap.servers = [localhost:9092]
	buffer.memory = 33554432
	client.dns.lookup = use_all_dns_ips
	client.id = nexus-crm-producer-1
	compression.gzip.level = -1
	compression.lz4.level = 9
	compression.type = none
	compression.zstd.level = 3
	connections.max.idle.ms = 540000
	delivery.timeout.ms = 120000
	enable.idempotence = true
	enable.metrics.push = true
	interceptor.classes = []
	key.serializer = class org.apache.kafka.common.serialization.StringSerializer
	linger.ms = 0
	max.block.ms = 60000
	max.in.flight.requests.per.connection = 5
	max.request.size = 1048576
	metadata.max.age.ms = 300000
	metadata.max.idle.ms = 300000
	metadata.recovery.strategy = none
	metric.reporters = []
	metrics.num.samples = 2
	metrics.recording.level = INFO
	metrics.sample.window.ms = 30000
	partitioner.adaptive.partitioning.enable = true
	partitioner.availability.timeout.ms = 0
	partitioner.class = null
	partitioner.ignore.keys = false
	receive.buffer.bytes = 32768
	reconnect.backoff.max.ms = 1000
	reconnect.backoff.ms = 50
	request.timeout.ms = 30000
	retries = 2147483647
	retry.backoff.max.ms = 1000
	retry.backoff.ms = 100
	sasl.client.callback.handler.class = null
	sasl.jaas.config = null
	sasl.kerberos.kinit.cmd = /usr/bin/kinit
	sasl.kerberos.min.time.before.relogin = 60000
	sasl.kerberos.service.name = null
	sasl.kerberos.ticket.renew.jitter = 0.05
	sasl.kerberos.ticket.renew.window.factor = 0.8
	sasl.login.callback.handler.class = null
	sasl.login.class = null
	sasl.login.connect.timeout.ms = null
	sasl.login.read.timeout.ms = null
	sasl.login.refresh.buffer.seconds = 300
	sasl.login.refresh.min.period.seconds = 60
	sasl.login.refresh.window.factor = 0.8
	sasl.login.refresh.window.jitter = 0.05
	sasl.login.retry.backoff.max.ms = 10000
	sasl.login.retry.backoff.ms = 100
	sasl.mechanism = GSSAPI
	sasl.oauthbearer.clock.skew.seconds = 30
	sasl.oauthbearer.expected.audience = null
	sasl.oauthbearer.expected.issuer = null
	sasl.oauthbearer.jwks.endpoint.refresh.ms = 3600000
	sasl.oauthbearer.jwks.endpoint.retry.backoff.max.ms = 10000
	sasl.oauthbearer.jwks.endpoint.retry.backoff.ms = 100
	sasl.oauthbearer.jwks.endpoint.url = null
	sasl.oauthbearer.scope.claim.name = scope
	sasl.oauthbearer.sub.claim.name = sub
	sasl.oauthbearer.token.endpoint.url = null
	security.protocol = PLAINTEXT
	security.providers = null
	send.buffer.bytes = 131072
	socket.connection.setup.timeout.max.ms = 30000
	socket.connection.setup.timeout.ms = 10000
	ssl.cipher.suites = null
	ssl.enabled.protocols = [TLSv1.2, TLSv1.3]
	ssl.endpoint.identification.algorithm = https
	ssl.engine.factory.class = null
	ssl.key.password = null
	ssl.keymanager.algorithm = SunX509
	ssl.keystore.certificate.chain = null
	ssl.keystore.key = null
	ssl.keystore.location = null
	ssl.keystore.password = null
	ssl.keystore.type = JKS
	ssl.protocol = TLSv1.3
	ssl.provider = null
	ssl.secure.random.implementation = null
	ssl.trustmanager.algorithm = PKIX
	ssl.truststore.certificates = null
	ssl.truststore.location = null
	ssl.truststore.password = null
	ssl.truststore.type = JKS
	transaction.timeout.ms = 60000
	transactional.id = null
	value.serializer = class org.springframework.kafka.support.serializer.JsonSerializer

2026-07-22T20:28:20.270+05:30  INFO 28512 --- [nexus-crm] [ntainer#1-0-C-1] o.a.k.c.t.i.KafkaMetricsCollector        : initializing Kafka metrics collector
2026-07-22T20:28:20.270+05:30  INFO 28512 --- [nexus-crm] [ntainer#1-0-C-1] o.a.k.clients.producer.KafkaProducer     : [Producer clientId=nexus-crm-producer-1] Instantiated an idempotent producer.
2026-07-22T20:28:20.278+05:30  INFO 28512 --- [nexus-crm] [ntainer#1-0-C-1] o.a.kafka.common.utils.AppInfoParser     : The mbean of App info: [kafka.producer], id: [nexus-crm-producer-1] already exists, so skipping a new mbean creation.
2026-07-22T20:28:20.281+05:30  INFO 28512 --- [nexus-crm] [           main] com.crm.task.service.TaskService         : Created task ID: 'ecb8fec9-e7bc-4f2d-ab0c-8cc0ca2de698' assigned to: 'aea93e8e-4b57-4762-b4dc-ea6db5c7c1a4'
2026-07-22T20:28:20.281+05:30  INFO 28512 --- [nexus-crm] [           main] c.c.i.kafka.KafkaEventPublisher          : Publishing event to Kafka topic 'task.assigned' with key 'ecb8fec9-e7bc-4f2d-ab0c-8cc0ca2de698': TaskAssignedEvent(taskId=ecb8fec9-e7bc-4f2d-ab0c-8cc0ca2de698, assignedTo=aea93e8e-4b57-4762-b4dc-ea6db5c7c1a4, title=Initial Discovery Call, dueDate=2026-07-22T15:58:20.240792900Z, organizationId=null, timestamp=2026-07-22T14:58:20.281931700Z)
2026-07-22T20:28:20.285+05:30  INFO 28512 --- [nexus-crm] [           main] com.crm.audit.service.AuditService       : Recorded audit log for TASK ID 'ecb8fec9-e7bc-4f2d-ab0c-8cc0ca2de698' action 'TASK_CREATED'
2026-07-22T20:28:20.295+05:30  INFO 28512 --- [nexus-crm] [-crm-producer-1] org.apache.kafka.clients.Metadata        : [Producer clientId=nexus-crm-producer-1] Cluster ID: 5L6g3nShT-eMCtK--X86sw
2026-07-22T20:28:20.297+05:30  INFO 28512 --- [nexus-crm] [-crm-producer-1] o.a.k.c.p.internals.TransactionManager   : [Producer clientId=nexus-crm-producer-1] ProducerId set to 1034 with epoch 0
2026-07-22T20:28:20.304+05:30  INFO 28512 --- [nexus-crm] [ntainer#4-0-C-1] c.c.n.consumer.NotificationConsumer      : NotificationConsumer received TaskAssignedEvent for task ID: ecb8fec9-e7bc-4f2d-ab0c-8cc0ca2de698
2026-07-22T20:28:20.308+05:30  INFO 28512 --- [nexus-crm] [ntainer#4-0-C-1] c.c.n.consumer.NotificationConsumer      : Saved TASK_ASSIGNED notification for recipient ID: aea93e8e-4b57-4762-b4dc-ea6db5c7c1a4
2026-07-22T20:28:20.322+05:30  INFO 28512 --- [nexus-crm] [ntainer#2-0-C-1] c.c.n.consumer.NotificationConsumer      : NotificationConsumer received LeadAssignedEvent for lead ID: 403b7cf0-ec44-4502-8098-3dcc675f7ed7
2026-07-22T20:28:20.326+05:30  INFO 28512 --- [nexus-crm] [ntainer#2-0-C-1] c.c.n.consumer.NotificationConsumer      : Saved LEAD_ASSIGNED notification for rep ID: 3864d174-d477-4c73-ac79-b62cbf6b7b09
2026-07-22T20:28:20.434+05:30  INFO 28512 --- [nexus-crm] [           main] com.crm.task.service.TaskService         : Updated status for task ID: 'ecb8fec9-e7bc-4f2d-ab0c-8cc0ca2de698' from TODO to COMPLETED
2026-07-22T20:28:20.435+05:30  INFO 28512 --- [nexus-crm] [           main] com.crm.audit.service.AuditService       : Recorded audit log for TASK ID 'ecb8fec9-e7bc-4f2d-ab0c-8cc0ca2de698' action 'STATUS_CHANGE'
2026-07-22T20:28:20.465+05:30  INFO 28512 --- [nexus-crm] [           main] c.c.o.service.OpportunityService         : Created opportunity ID: '74e74a33-fe6f-443a-a176-0f4955644e09' for lead ID: '403b7cf0-ec44-4502-8098-3dcc675f7ed7'
2026-07-22T20:28:20.466+05:30  INFO 28512 --- [nexus-crm] [           main] com.crm.audit.service.AuditService       : Recorded audit log for OPPORTUNITY ID '74e74a33-fe6f-443a-a176-0f4955644e09' action 'OPPORTUNITY_CREATED'
2026-07-22T20:28:20.474+05:30  INFO 28512 --- [nexus-crm] [           main] com.crm.audit.service.AuditService       : Recorded audit log for OPPORTUNITY ID '74e74a33-fe6f-443a-a176-0f4955644e09' action 'STAGE_CHANGE'
2026-07-22T20:28:20.474+05:30  INFO 28512 --- [nexus-crm] [           main] c.c.o.service.OpportunityService         : Opportunity '74e74a33-fe6f-443a-a176-0f4955644e09' stage transitioned from PROSPECTING -> PROPOSAL
2026-07-22T20:28:20.484+05:30  INFO 28512 --- [nexus-crm] [           main] com.crm.audit.service.AuditService       : Recorded audit log for OPPORTUNITY ID '74e74a33-fe6f-443a-a176-0f4955644e09' action 'STAGE_CHANGE'
2026-07-22T20:28:20.485+05:30  INFO 28512 --- [nexus-crm] [           main] c.c.o.service.OpportunityService         : Opportunity '74e74a33-fe6f-443a-a176-0f4955644e09' stage transitioned from PROPOSAL -> NEGOTIATION
2026-07-22T20:28:20.494+05:30  INFO 28512 --- [nexus-crm] [           main] c.c.o.service.OpportunityService         : Opportunity '74e74a33-fe6f-443a-a176-0f4955644e09' marked as WON!
2026-07-22T20:28:20.494+05:30  INFO 28512 --- [nexus-crm] [           main] c.c.i.kafka.KafkaEventPublisher          : Publishing event to Kafka topic 'opportunity.deal-won' with key '74e74a33-fe6f-443a-a176-0f4955644e09': DealWonEvent(opportunityId=74e74a33-fe6f-443a-a176-0f4955644e09, leadId=403b7cf0-ec44-4502-8098-3dcc675f7ed7, title=batman-deal, amount=12000.00, organizationId=e8888888-8888-8888-8888-888888888888, timestamp=2026-07-22T14:58:20.494939900Z)
2026-07-22T20:28:20.496+05:30  INFO 28512 --- [nexus-crm] [           main] com.crm.audit.service.AuditService       : Recorded audit log for OPPORTUNITY ID '74e74a33-fe6f-443a-a176-0f4955644e09' action 'STAGE_CHANGE'
2026-07-22T20:28:20.497+05:30  INFO 28512 --- [nexus-crm] [           main] c.c.o.service.OpportunityService         : Opportunity '74e74a33-fe6f-443a-a176-0f4955644e09' stage transitioned from NEGOTIATION -> WON
2026-07-22T20:28:20.512+05:30  INFO 28512 --- [nexus-crm] [ntainer#5-0-C-1] c.c.w.consumer.WorkflowEventConsumer     : Workflow received DealWonEvent for opportunity: 74e74a33-fe6f-443a-a176-0f4955644e09
2026-07-22T20:28:20.513+05:30  INFO 28512 --- [nexus-crm] [ntainer#5-0-C-1] c.crm.workflow.service.WorkflowService   : Evaluating workflow rules for event: 'DEAL_WON' in tenant: 'e8888888-8888-8888-8888-888888888888'
2026-07-22T20:28:20.513+05:30  INFO 28512 --- [nexus-crm] [ntainer#0-0-C-1] c.crm.customer.consumer.DealWonConsumer  : Received DealWonEvent for opportunity ID: 74e74a33-fe6f-443a-a176-0f4955644e09, lead ID: 403b7cf0-ec44-4502-8098-3dcc675f7ed7
2026-07-22T20:28:20.516+05:30  INFO 28512 --- [nexus-crm] [ntainer#3-0-C-1] c.c.n.consumer.NotificationConsumer      : NotificationConsumer received DealWonEvent for opportunity ID: 74e74a33-fe6f-443a-a176-0f4955644e09
2026-07-22T20:28:20.519+05:30  INFO 28512 --- [nexus-crm] [ntainer#3-0-C-1] c.c.n.consumer.NotificationConsumer      : Saved DEAL_WON notification for recipient ID: 403b7cf0-ec44-4502-8098-3dcc675f7ed7
2026-07-22T20:28:20.533+05:30  INFO 28512 --- [nexus-crm] [ntainer#0-0-C-1] c.c.c.service.CustomerDedupService       : Dedup Match Found! Linking opportunity to existing Customer Account ID: '7f4233a7-4bda-44c6-aa58-bbeff7e8dd58' (Domain: 'cyberdyne.com')
2026-07-22T20:28:20.539+05:30  INFO 28512 --- [nexus-crm] [ntainer#0-0-C-1] com.crm.audit.service.AuditService       : Recorded audit log for LEAD ID '403b7cf0-ec44-4502-8098-3dcc675f7ed7' action 'STATUS_CHANGE'
2026-07-22T20:28:20.539+05:30  INFO 28512 --- [nexus-crm] [ntainer#0-0-C-1] c.crm.customer.consumer.DealWonConsumer  : Successfully converted deal 74e74a33-fe6f-443a-a176-0f4955644e09 into Customer Account ID '7f4233a7-4bda-44c6-aa58-bbeff7e8dd58' (Lead 403b7cf0-ec44-4502-8098-3dcc675f7ed7 updated to CONVERTED)
2026-07-22T20:28:20.636+05:30  INFO 28512 --- [nexus-crm] [           main] com.crm.task.service.TaskService         : Created task ID: '27c7d650-2ea8-4db4-aea6-ef9d23f684bc' assigned to: 'aea93e8e-4b57-4762-b4dc-ea6db5c7c1a4'
2026-07-22T20:28:20.636+05:30  INFO 28512 --- [nexus-crm] [           main] c.c.i.kafka.KafkaEventPublisher          : Publishing event to Kafka topic 'task.assigned' with key '27c7d650-2ea8-4db4-aea6-ef9d23f684bc': TaskAssignedEvent(taskId=27c7d650-2ea8-4db4-aea6-ef9d23f684bc, assignedTo=aea93e8e-4b57-4762-b4dc-ea6db5c7c1a4, title=Follow-up meeting after signing, dueDate=null, organizationId=null, timestamp=2026-07-22T14:58:20.636181900Z)
2026-07-22T20:28:20.637+05:30  INFO 28512 --- [nexus-crm] [           main] com.crm.audit.service.AuditService       : Recorded audit log for TASK ID '27c7d650-2ea8-4db4-aea6-ef9d23f684bc' action 'TASK_CREATED'
2026-07-22T20:28:20.648+05:30  INFO 28512 --- [nexus-crm] [ntainer#4-0-C-1] c.c.n.consumer.NotificationConsumer      : NotificationConsumer received TaskAssignedEvent for task ID: 27c7d650-2ea8-4db4-aea6-ef9d23f684bc
2026-07-22T20:28:20.651+05:30  INFO 28512 --- [nexus-crm] [ntainer#4-0-C-1] c.c.n.consumer.NotificationConsumer      : Saved TASK_ASSIGNED notification for recipient ID: aea93e8e-4b57-4762-b4dc-ea6db5c7c1a4
]]></system-out>
  </testcase>
</testsuite>