<?xml version="1.0" encoding="UTF-8"?>
<testsuite xmlns:xsi="http://www.w3.org/2001/XMLSchema-instance" xsi:noNamespaceSchemaLocation="https://maven.apache.org/surefire/maven-surefire-plugin/xsd/surefire-test-report.xsd" version="3.0.2" name="com.crm.task.TaskIntegrationTest" time="0.715" tests="1" errors="0" skipped="0" failures="0">
  <properties>
[...]
</properties>
  <testcase name="taskLifecycleIntegrationTest" classname="com.crm.task.TaskIntegrationTest" time="0.618">
    <system-out><![CDATA[2026-07-22T13:51:22.008+05:30  INFO 16016 --- [nexus-crm] [           main] t.c.s.AnnotationConfigContextLoaderUtils : Could not detect default configuration classes for test class [com.crm.task.TaskIntegrationTest]: TaskIntegrationTest does not declare any static, non-private, non-final, nested classes annotated with @Configuration.
2026-07-22T13:51:22.095+05:30  INFO 16016 --- [nexus-crm] [           main] .b.t.c.SpringBootTestContextBootstrapper : Found @SpringBootConfiguration com.crm.NexusCrmApplication for test class com.crm.task.TaskIntegrationTest
2026-07-22T13:51:22.110+05:30  INFO 16016 --- [nexus-crm] [ntainer#1-0-C-1] o.a.k.c.c.internals.ConsumerCoordinator  : [Consumer clientId=consumer-nexus-crm-test-group-8, groupId=nexus-crm-test-group] Request joining group due to: group is already rebalancing
2026-07-22T13:51:22.110+05:30  INFO 16016 --- [nexus-crm] [ntainer#0-0-C-1] o.a.k.c.c.internals.ConsumerCoordinator  : [Consumer clientId=consumer-nexus-crm-test-group-7, groupId=nexus-crm-test-group] Request joining group due to: group is already rebalancing
2026-07-22T13:51:22.111+05:30  INFO 16016 --- [nexus-crm] [ntainer#1-0-C-1] k.c.c.i.ConsumerRebalanceListenerInvoker : [Consumer clientId=consumer-nexus-crm-test-group-8, groupId=nexus-crm-test-group] Revoke previously assigned partitions lead.scored-0
2026-07-22T13:51:22.111+05:30  INFO 16016 --- [nexus-crm] [ntainer#0-0-C-1] k.c.c.i.ConsumerRebalanceListenerInvoker : [Consumer clientId=consumer-nexus-crm-test-group-7, groupId=nexus-crm-test-group] Revoke previously assigned partitions opportunity.deal-won-0
2026-07-22T13:51:22.111+05:30  INFO 16016 --- [nexus-crm] [ntainer#1-0-C-1] o.s.k.l.KafkaMessageListenerContainer    : nexus-crm-test-group: partitions revoked: [lead.scored-0]
2026-07-22T13:51:22.111+05:30  INFO 16016 --- [nexus-crm] [ntainer#0-0-C-1] o.s.k.l.KafkaMessageListenerContainer    : nexus-crm-test-group: partitions revoked: [opportunity.deal-won-0]
2026-07-22T13:51:22.111+05:30  INFO 16016 --- [nexus-crm] [ntainer#1-0-C-1] o.a.k.c.c.internals.ConsumerCoordinator  : [Consumer clientId=consumer-nexus-crm-test-group-8, groupId=nexus-crm-test-group] (Re-)joining group
2026-07-22T13:51:22.111+05:30  INFO 16016 --- [nexus-crm] [ntainer#0-0-C-1] o.a.k.c.c.internals.ConsumerCoordinator  : [Consumer clientId=consumer-nexus-crm-test-group-7, groupId=nexus-crm-test-group] (Re-)joining group
2026-07-22T13:51:22.117+05:30  INFO 16016 --- [nexus-crm] [ntainer#0-0-C-1] o.a.k.c.c.internals.ConsumerCoordinator  : [Consumer clientId=consumer-nexus-crm-test-group-15, groupId=nexus-crm-test-group] Successfully joined group with generation Generation{generationId=121, memberId='consumer-nexus-crm-test-group-15-f7a9dbfe-17df-488b-a350-d9227f6e7959', protocol='range'}
2026-07-22T13:51:22.117+05:30  INFO 16016 --- [nexus-crm] [ntainer#1-0-C-1] o.a.k.c.c.internals.ConsumerCoordinator  : [Consumer clientId=consumer-nexus-crm-test-group-8, groupId=nexus-crm-test-group] Successfully joined group with generation Generation{generationId=121, memberId='consumer-nexus-crm-test-group-8-ea1acfdc-3842-4695-b690-7e1fe397a25b', protocol='range'}
2026-07-22T13:51:22.117+05:30  INFO 16016 --- [nexus-crm] [ntainer#1-0-C-1] o.a.k.c.c.internals.ConsumerCoordinator  : [Consumer clientId=consumer-nexus-crm-test-group-16, groupId=nexus-crm-test-group] Successfully joined group with generation Generation{generationId=121, memberId='consumer-nexus-crm-test-group-16-a3b4d2f2-b3f3-4b88-8cd6-e8339df7c09f', protocol='range'}
2026-07-22T13:51:22.117+05:30  INFO 16016 --- [nexus-crm] [ntainer#0-0-C-1] o.a.k.c.c.internals.ConsumerCoordinator  : [Consumer clientId=consumer-nexus-crm-test-group-7, groupId=nexus-crm-test-group] Successfully joined group with generation Generation{generationId=121, memberId='consumer-nexus-crm-test-group-7-d7c478e6-e141-4719-87e1-84f496382a06', protocol='range'}
2026-07-22T13:51:22.177+05:30  INFO 16016 --- [nexus-crm] [ntainer#6-0-C-1] o.a.k.c.c.internals.ConsumerCoordinator  : [Consumer clientId=consumer-nexus-crm-test-group-workflow-1, groupId=nexus-crm-test-group-workflow] Finished assignment for group at generation 41: {consumer-nexus-crm-test-group-workflow-2-bbc0b2cb-3e67-49a9-b261-a889011a472b=Assignment(partitions=[]), consumer-nexus-crm-test-group-workflow-9-d2531d72-97c4-4a48-9355-1566a1655a0a=Assignment(partitions=[]), consumer-nexus-crm-test-group-workflow-10-9dad49f9-d60d-4751-8ce9-d271ac7ea677=Assignment(partitions=[opportunity.deal-won-0]), consumer-nexus-crm-test-group-workflow-1-fe60a4c5-4c3f-44ac-a73e-235d9578efa8=Assignment(partitions=[opportunity.deal-lost-0]), consumer-nexus-crm-test-group-workflow-6-349b71fb-e447-46e6-bd0e-247ce75e2cf4=Assignment(partitions=[]), consumer-nexus-crm-test-group-workflow-14-61aaf309-a78b-44e8-bca6-71fd902badb0=Assignment(partitions=[lead.scored-0])}
2026-07-22T13:51:22.185+05:30  INFO 16016 --- [nexus-crm] [ntainer#6-0-C-1] o.a.k.c.c.internals.ConsumerCoordinator  : [Consumer clientId=consumer-nexus-crm-test-group-workflow-9, groupId=nexus-crm-test-group-workflow] Successfully synced group in generation Generation{generationId=41, memberId='consumer-nexus-crm-test-group-workflow-9-d2531d72-97c4-4a48-9355-1566a1655a0a', protocol='range'}
2026-07-22T13:51:22.185+05:30  INFO 16016 --- [nexus-crm] [ntainer#6-0-C-1] o.a.k.c.c.internals.ConsumerCoordinator  : [Consumer clientId=consumer-nexus-crm-test-group-workflow-1, groupId=nexus-crm-test-group-workflow] Successfully synced group in generation Generation{generationId=41, memberId='consumer-nexus-crm-test-group-workflow-1-fe60a4c5-4c3f-44ac-a73e-235d9578efa8', protocol='range'}
2026-07-22T13:51:22.185+05:30  INFO 16016 --- [nexus-crm] [ntainer#5-0-C-1] o.a.k.c.c.internals.ConsumerCoordinator  : [Consumer clientId=consumer-nexus-crm-test-group-workflow-14, groupId=nexus-crm-test-group-workflow] Successfully synced group in generation Generation{generationId=41, memberId='consumer-nexus-crm-test-group-workflow-14-61aaf309-a78b-44e8-bca6-71fd902badb0', protocol='range'}
2026-07-22T13:51:22.185+05:30  INFO 16016 --- [nexus-crm] [ntainer#7-0-C-1] o.a.k.c.c.internals.ConsumerCoordinator  : [Consumer clientId=consumer-nexus-crm-test-group-workflow-2, groupId=nexus-crm-test-group-workflow] Successfully synced group in generation Generation{generationId=41, memberId='consumer-nexus-crm-test-group-workflow-2-bbc0b2cb-3e67-49a9-b261-a889011a472b', protocol='range'}
2026-07-22T13:51:22.185+05:30  INFO 16016 --- [nexus-crm] [ntainer#5-0-C-1] o.a.k.c.c.internals.ConsumerCoordinator  : [Consumer clientId=consumer-nexus-crm-test-group-workflow-6, groupId=nexus-crm-test-group-workflow] Successfully synced group in generation Generation{generationId=41, memberId='consumer-nexus-crm-test-group-workflow-6-349b71fb-e447-46e6-bd0e-247ce75e2cf4', protocol='range'}
2026-07-22T13:51:22.185+05:30  INFO 16016 --- [nexus-crm] [ntainer#7-0-C-1] o.a.k.c.c.internals.ConsumerCoordinator  : [Consumer clientId=consumer-nexus-crm-test-group-workflow-10, groupId=nexus-crm-test-group-workflow] Successfully synced group in generation Generation{generationId=41, memberId='consumer-nexus-crm-test-group-workflow-10-9dad49f9-d60d-4751-8ce9-d271ac7ea677', protocol='range'}
2026-07-22T13:51:22.185+05:30  INFO 16016 --- [nexus-crm] [ntainer#5-0-C-1] o.a.k.c.c.internals.ConsumerCoordinator  : [Consumer clientId=consumer-nexus-crm-test-group-workflow-6, groupId=nexus-crm-test-group-workflow] Notifying assignor about the new Assignment(partitions=[])
2026-07-22T13:51:22.185+05:30  INFO 16016 --- [nexus-crm] [ntainer#6-0-C-1] o.a.k.c.c.internals.ConsumerCoordinator  : [Consumer clientId=consumer-nexus-crm-test-group-workflow-9, groupId=nexus-crm-test-group-workflow] Notifying assignor about the new Assignment(partitions=[])
2026-07-22T13:51:22.185+05:30  INFO 16016 --- [nexus-crm] [ntainer#7-0-C-1] o.a.k.c.c.internals.ConsumerCoordinator  : [Consumer clientId=consumer-nexus-crm-test-group-workflow-10, groupId=nexus-crm-test-group-workflow] Notifying assignor about the new Assignment(partitions=[opportunity.deal-won-0])
2026-07-22T13:51:22.185+05:30  INFO 16016 --- [nexus-crm] [ntainer#5-0-C-1] o.a.k.c.c.internals.ConsumerCoordinator  : [Consumer clientId=consumer-nexus-crm-test-group-workflow-14, groupId=nexus-crm-test-group-workflow] Notifying assignor about the new Assignment(partitions=[lead.scored-0])
2026-07-22T13:51:22.185+05:30  INFO 16016 --- [nexus-crm] [ntainer#7-0-C-1] o.a.k.c.c.internals.ConsumerCoordinator  : [Consumer clientId=consumer-nexus-crm-test-group-workflow-2, groupId=nexus-crm-test-group-workflow] Notifying assignor about the new Assignment(partitions=[])
2026-07-22T13:51:22.185+05:30  INFO 16016 --- [nexus-crm] [ntainer#7-0-C-1] k.c.c.i.ConsumerRebalanceListenerInvoker : [Consumer clientId=consumer-nexus-crm-test-group-workflow-10, groupId=nexus-crm-test-group-workflow] Adding newly assigned partitions: opportunity.deal-won-0
2026-07-22T13:51:22.185+05:30  INFO 16016 --- [nexus-crm] [ntainer#6-0-C-1] k.c.c.i.ConsumerRebalanceListenerInvoker : [Consumer clientId=consumer-nexus-crm-test-group-workflow-9, groupId=nexus-crm-test-group-workflow] Adding newly assigned partitions: 
2026-07-22T13:51:22.185+05:30  INFO 16016 --- [nexus-crm] [ntainer#6-0-C-1] o.a.k.c.c.internals.ConsumerCoordinator  : [Consumer clientId=consumer-nexus-crm-test-group-workflow-1, groupId=nexus-crm-test-group-workflow] Notifying assignor about the new Assignment(partitions=[opportunity.deal-lost-0])
2026-07-22T13:51:22.185+05:30  INFO 16016 --- [nexus-crm] [ntainer#5-0-C-1] k.c.c.i.ConsumerRebalanceListenerInvoker : [Consumer clientId=consumer-nexus-crm-test-group-workflow-14, groupId=nexus-crm-test-group-workflow] Adding newly assigned partitions: lead.scored-0
2026-07-22T13:51:22.185+05:30  INFO 16016 --- [nexus-crm] [ntainer#7-0-C-1] k.c.c.i.ConsumerRebalanceListenerInvoker : [Consumer clientId=consumer-nexus-crm-test-group-workflow-2, groupId=nexus-crm-test-group-workflow] Adding newly assigned partitions: 
2026-07-22T13:51:22.186+05:30  INFO 16016 --- [nexus-crm] [ntainer#6-0-C-1] o.s.k.l.KafkaMessageListenerContainer    : nexus-crm-test-group-workflow: partitions assigned: []
2026-07-22T13:51:22.185+05:30  INFO 16016 --- [nexus-crm] [ntainer#5-0-C-1] k.c.c.i.ConsumerRebalanceListenerInvoker : [Consumer clientId=consumer-nexus-crm-test-group-workflow-6, groupId=nexus-crm-test-group-workflow] Adding newly assigned partitions: 
2026-07-22T13:51:22.186+05:30  INFO 16016 --- [nexus-crm] [ntainer#6-0-C-1] k.c.c.i.ConsumerRebalanceListenerInvoker : [Consumer clientId=consumer-nexus-crm-test-group-workflow-1, groupId=nexus-crm-test-group-workflow] Adding newly assigned partitions: opportunity.deal-lost-0
2026-07-22T13:51:22.186+05:30  INFO 16016 --- [nexus-crm] [ntainer#7-0-C-1] o.s.k.l.KafkaMessageListenerContainer    : nexus-crm-test-group-workflow: partitions assigned: []
2026-07-22T13:51:22.186+05:30  INFO 16016 --- [nexus-crm] [ntainer#5-0-C-1] o.s.k.l.KafkaMessageListenerContainer    : nexus-crm-test-group-workflow: partitions assigned: []
2026-07-22T13:51:22.192+05:30  INFO 16016 --- [nexus-crm] [ntainer#7-0-C-1] o.a.k.c.c.internals.ConsumerUtils        : Setting offset for partition opportunity.deal-won-0 to the committed offset FetchPosition{offset=104, offsetEpoch=Optional.empty, currentLeader=LeaderAndEpoch{leader=Optional[localhost:9092 (id: 1 rack: null)], epoch=2}}
2026-07-22T13:51:22.192+05:30  INFO 16016 --- [nexus-crm] [ntainer#6-0-C-1] o.a.k.c.c.internals.ConsumerUtils        : Setting offset for partition opportunity.deal-lost-0 to the committed offset FetchPosition{offset=29, offsetEpoch=Optional.empty, currentLeader=LeaderAndEpoch{leader=Optional[localhost:9092 (id: 1 rack: null)], epoch=2}}
2026-07-22T13:51:22.192+05:30  INFO 16016 --- [nexus-crm] [ntainer#7-0-C-1] o.s.k.l.KafkaMessageListenerContainer    : nexus-crm-test-group-workflow: partitions assigned: [opportunity.deal-won-0]
2026-07-22T13:51:22.192+05:30  INFO 16016 --- [nexus-crm] [ntainer#6-0-C-1] o.s.k.l.KafkaMessageListenerContainer    : nexus-crm-test-group-workflow: partitions assigned: [opportunity.deal-lost-0]
2026-07-22T13:51:22.193+05:30  INFO 16016 --- [nexus-crm] [ntainer#5-0-C-1] o.a.k.c.c.internals.ConsumerUtils        : Setting offset for partition lead.scored-0 to the committed offset FetchPosition{offset=248, offsetEpoch=Optional.empty, currentLeader=LeaderAndEpoch{leader=Optional[localhost:9092 (id: 1 rack: null)], epoch=2}}
2026-07-22T13:51:22.194+05:30  INFO 16016 --- [nexus-crm] [ntainer#5-0-C-1] o.s.k.l.KafkaMessageListenerContainer    : nexus-crm-test-group-workflow: partitions assigned: [lead.scored-0]
2026-07-22T13:51:22.266+05:30  INFO 16016 --- [nexus-crm] [           main] com.crm.lead.service.LeadService         : Lead created and scored synchronously. Lead ID: 608c3043-5110-4e28-9c56-82ae5bf53550, Score: 90
2026-07-22T13:51:22.266+05:30  INFO 16016 --- [nexus-crm] [           main] com.crm.audit.service.AuditService       : Recorded audit log for LEAD ID '608c3043-5110-4e28-9c56-82ae5bf53550' action 'LEAD_CREATED'
2026-07-22T13:51:22.267+05:30  INFO 16016 --- [nexus-crm] [           main] c.c.i.kafka.KafkaEventPublisher          : Publishing event to Kafka topic 'lead.scored' with key '608c3043-5110-4e28-9c56-82ae5bf53550': LeadScoredEvent(leadId=608c3043-5110-4e28-9c56-82ae5bf53550, email=jtask-8da6e266-e5ee-4f98-892b-ead103d0141e@cyberdyne.com, companyName=Cyberdyne Systems, score=90, organizationId=null, timestamp=2026-07-22T08:21:22.267402200Z)
2026-07-22T13:51:22.280+05:30  INFO 16016 --- [nexus-crm] [ntainer#5-0-C-1] c.c.w.consumer.WorkflowEventConsumer     : Workflow received LeadScoredEvent for lead: 608c3043-5110-4e28-9c56-82ae5bf53550
2026-07-22T13:51:22.288+05:30  INFO 16016 --- [nexus-crm] [ntainer#5-0-C-1] c.crm.workflow.service.WorkflowService   : Evaluating workflow rules for event: 'LEAD_SCORED' in tenant: 'null'
2026-07-22T13:51:22.313+05:30  INFO 16016 --- [nexus-crm] [           main] com.crm.task.service.TaskService         : Created task ID: '67057b7d-485a-4cfd-9c77-d9b9822861f5' assigned to: '1a091564-8f2e-4635-8d80-01e04489f3a6'
2026-07-22T13:51:22.313+05:30  INFO 16016 --- [nexus-crm] [           main] c.c.i.kafka.KafkaEventPublisher          : Publishing event to Kafka topic 'task.assigned' with key '67057b7d-485a-4cfd-9c77-d9b9822861f5': TaskAssignedEvent(taskId=67057b7d-485a-4cfd-9c77-d9b9822861f5, assignedTo=1a091564-8f2e-4635-8d80-01e04489f3a6, title=Initial Discovery Call, dueDate=2026-07-22T09:21:22.273743Z, organizationId=null, timestamp=2026-07-22T08:21:22.313741300Z)
2026-07-22T13:51:22.315+05:30  INFO 16016 --- [nexus-crm] [           main] com.crm.audit.service.AuditService       : Recorded audit log for TASK ID '67057b7d-485a-4cfd-9c77-d9b9822861f5' action 'TASK_CREATED'
2026-07-22T13:51:22.325+05:30  INFO 16016 --- [nexus-crm] [ntainer#2-0-C-1] o.a.k.c.c.internals.ConsumerCoordinator  : [Consumer clientId=consumer-nexus-crm-test-group-notifications-3, groupId=nexus-crm-test-group-notifications] Finished assignment for group at generation 98: {consumer-nexus-crm-test-group-notifications-13-d2df86ed-d0e6-41fe-93f4-d1b9ca2b4a7a=Assignment(partitions=[opportunity.deal-won-0]), consumer-nexus-crm-test-group-notifications-12-41a17604-b5cc-4a88-ad85-90e530ae71cb=Assignment(partitions=[lead.assigned-0]), consumer-nexus-crm-test-group-notifications-4-f88ae333-a047-42c5-9c75-d630ec25d7ab=Assignment(partitions=[]), consumer-nexus-crm-test-group-notifications-5-6dfab6e8-4475-4cf1-963f-f41acd924e75=Assignment(partitions=[]), consumer-nexus-crm-test-group-notifications-3-780b8a5b-c39c-45e7-aa06-91168f63bf33=Assignment(partitions=[]), consumer-nexus-crm-test-group-notifications-11-9490fec9-2ad8-4b0b-b750-9040dc137e4b=Assignment(partitions=[task.assigned-0])}
2026-07-22T13:51:22.334+05:30  INFO 16016 --- [nexus-crm] [ntainer#4-0-C-1] o.a.k.c.c.internals.ConsumerCoordinator  : [Consumer clientId=consumer-nexus-crm-test-group-notifications-13, groupId=nexus-crm-test-group-notifications] Successfully synced group in generation Generation{generationId=98, memberId='consumer-nexus-crm-test-group-notifications-13-d2df86ed-d0e6-41fe-93f4-d1b9ca2b4a7a', protocol='range'}
2026-07-22T13:51:22.334+05:30  INFO 16016 --- [nexus-crm] [ntainer#2-0-C-1] o.a.k.c.c.internals.ConsumerCoordinator  : [Consumer clientId=consumer-nexus-crm-test-group-notifications-11, groupId=nexus-crm-test-group-notifications] Successfully synced group in generation Generation{generationId=98, memberId='consumer-nexus-crm-test-group-notifications-11-9490fec9-2ad8-4b0b-b750-9040dc137e4b', protocol='range'}
2026-07-22T13:51:22.335+05:30  INFO 16016 --- [nexus-crm] [ntainer#3-0-C-1] o.a.k.c.c.internals.ConsumerCoordinator  : [Consumer clientId=consumer-nexus-crm-test-group-notifications-4, groupId=nexus-crm-test-group-notifications] Successfully synced group in generation Generation{generationId=98, memberId='consumer-nexus-crm-test-group-notifications-4-f88ae333-a047-42c5-9c75-d630ec25d7ab', protocol='range'}
2026-07-22T13:51:22.334+05:30  INFO 16016 --- [nexus-crm] [ntainer#2-0-C-1] o.a.k.c.c.internals.ConsumerCoordinator  : [Consumer clientId=consumer-nexus-crm-test-group-notifications-3, groupId=nexus-crm-test-group-notifications] Successfully synced group in generation Generation{generationId=98, memberId='consumer-nexus-crm-test-group-notifications-3-780b8a5b-c39c-45e7-aa06-91168f63bf33', protocol='range'}
2026-07-22T13:51:22.334+05:30  INFO 16016 --- [nexus-crm] [ntainer#3-0-C-1] o.a.k.c.c.internals.ConsumerCoordinator  : [Consumer clientId=consumer-nexus-crm-test-group-notifications-12, groupId=nexus-crm-test-group-notifications] Successfully synced group in generation Generation{generationId=98, memberId='consumer-nexus-crm-test-group-notifications-12-41a17604-b5cc-4a88-ad85-90e530ae71cb', protocol='range'}
2026-07-22T13:51:22.335+05:30  INFO 16016 --- [nexus-crm] [ntainer#4-0-C-1] o.a.k.c.c.internals.ConsumerCoordinator  : [Consumer clientId=consumer-nexus-crm-test-group-notifications-5, groupId=nexus-crm-test-group-notifications] Successfully synced group in generation Generation{generationId=98, memberId='consumer-nexus-crm-test-group-notifications-5-6dfab6e8-4475-4cf1-963f-f41acd924e75', protocol='range'}
2026-07-22T13:51:22.335+05:30  INFO 16016 --- [nexus-crm] [ntainer#4-0-C-1] o.a.k.c.c.internals.ConsumerCoordinator  : [Consumer clientId=consumer-nexus-crm-test-group-notifications-13, groupId=nexus-crm-test-group-notifications] Notifying assignor about the new Assignment(partitions=[opportunity.deal-won-0])
2026-07-22T13:51:22.335+05:30  INFO 16016 --- [nexus-crm] [ntainer#4-0-C-1] k.c.c.i.ConsumerRebalanceListenerInvoker : [Consumer clientId=consumer-nexus-crm-test-group-notifications-13, groupId=nexus-crm-test-group-notifications] Adding newly assigned partitions: opportunity.deal-won-0
2026-07-22T13:51:22.335+05:30  INFO 16016 --- [nexus-crm] [ntainer#3-0-C-1] o.a.k.c.c.internals.ConsumerCoordinator  : [Consumer clientId=consumer-nexus-crm-test-group-notifications-4, groupId=nexus-crm-test-group-notifications] Notifying assignor about the new Assignment(partitions=[])
2026-07-22T13:51:22.335+05:30  INFO 16016 --- [nexus-crm] [ntainer#2-0-C-1] o.a.k.c.c.internals.ConsumerCoordinator  : [Consumer clientId=consumer-nexus-crm-test-group-notifications-3, groupId=nexus-crm-test-group-notifications] Notifying assignor about the new Assignment(partitions=[])
2026-07-22T13:51:22.335+05:30  INFO 16016 --- [nexus-crm] [ntainer#2-0-C-1] o.a.k.c.c.internals.ConsumerCoordinator  : [Consumer clientId=consumer-nexus-crm-test-group-notifications-11, groupId=nexus-crm-test-group-notifications] Notifying assignor about the new Assignment(partitions=[task.assigned-0])
2026-07-22T13:51:22.335+05:30  INFO 16016 --- [nexus-crm] [ntainer#3-0-C-1] k.c.c.i.ConsumerRebalanceListenerInvoker : [Consumer clientId=consumer-nexus-crm-test-group-notifications-4, groupId=nexus-crm-test-group-notifications] Adding newly assigned partitions: 
2026-07-22T13:51:22.335+05:30  INFO 16016 --- [nexus-crm] [ntainer#3-0-C-1] o.a.k.c.c.internals.ConsumerCoordinator  : [Consumer clientId=consumer-nexus-crm-test-group-notifications-12, groupId=nexus-crm-test-group-notifications] Notifying assignor about the new Assignment(partitions=[lead.assigned-0])
2026-07-22T13:51:22.335+05:30  INFO 16016 --- [nexus-crm] [ntainer#2-0-C-1] k.c.c.i.ConsumerRebalanceListenerInvoker : [Consumer clientId=consumer-nexus-crm-test-group-notifications-3, groupId=nexus-crm-test-group-notifications] Adding newly assigned partitions: 
2026-07-22T13:51:22.335+05:30  INFO 16016 --- [nexus-crm] [ntainer#3-0-C-1] k.c.c.i.ConsumerRebalanceListenerInvoker : [Consumer clientId=consumer-nexus-crm-test-group-notifications-12, groupId=nexus-crm-test-group-notifications] Adding newly assigned partitions: lead.assigned-0
2026-07-22T13:51:22.335+05:30  INFO 16016 --- [nexus-crm] [ntainer#2-0-C-1] k.c.c.i.ConsumerRebalanceListenerInvoker : [Consumer clientId=consumer-nexus-crm-test-group-notifications-11, groupId=nexus-crm-test-group-notifications] Adding newly assigned partitions: task.assigned-0
2026-07-22T13:51:22.335+05:30  INFO 16016 --- [nexus-crm] [ntainer#3-0-C-1] o.s.k.l.KafkaMessageListenerContainer    : nexus-crm-test-group-notifications: partitions assigned: []
2026-07-22T13:51:22.335+05:30  INFO 16016 --- [nexus-crm] [ntainer#4-0-C-1] o.a.k.c.c.internals.ConsumerCoordinator  : [Consumer clientId=consumer-nexus-crm-test-group-notifications-5, groupId=nexus-crm-test-group-notifications] Notifying assignor about the new Assignment(partitions=[])
2026-07-22T13:51:22.335+05:30  INFO 16016 --- [nexus-crm] [ntainer#2-0-C-1] o.s.k.l.KafkaMessageListenerContainer    : nexus-crm-test-group-notifications: partitions assigned: []
2026-07-22T13:51:22.335+05:30  INFO 16016 --- [nexus-crm] [ntainer#4-0-C-1] k.c.c.i.ConsumerRebalanceListenerInvoker : [Consumer clientId=consumer-nexus-crm-test-group-notifications-5, groupId=nexus-crm-test-group-notifications] Adding newly assigned partitions: 
2026-07-22T13:51:22.335+05:30  INFO 16016 --- [nexus-crm] [ntainer#4-0-C-1] o.s.k.l.KafkaMessageListenerContainer    : nexus-crm-test-group-notifications: partitions assigned: []
2026-07-22T13:51:22.340+05:30  INFO 16016 --- [nexus-crm] [ntainer#3-0-C-1] o.a.k.c.c.internals.ConsumerUtils        : Setting offset for partition lead.assigned-0 to the committed offset FetchPosition{offset=221, offsetEpoch=Optional.empty, currentLeader=LeaderAndEpoch{leader=Optional[localhost:9092 (id: 1 rack: null)], epoch=2}}
2026-07-22T13:51:22.340+05:30  INFO 16016 --- [nexus-crm] [ntainer#4-0-C-1] o.a.k.c.c.internals.ConsumerUtils        : Setting offset for partition opportunity.deal-won-0 to the committed offset FetchPosition{offset=104, offsetEpoch=Optional.empty, currentLeader=LeaderAndEpoch{leader=Optional[localhost:9092 (id: 1 rack: null)], epoch=2}}
2026-07-22T13:51:22.340+05:30  INFO 16016 --- [nexus-crm] [ntainer#2-0-C-1] o.a.k.c.c.internals.ConsumerUtils        : Setting offset for partition task.assigned-0 to the committed offset FetchPosition{offset=51, offsetEpoch=Optional.empty, currentLeader=LeaderAndEpoch{leader=Optional[localhost:9092 (id: 1 rack: null)], epoch=0}}
2026-07-22T13:51:22.340+05:30  INFO 16016 --- [nexus-crm] [ntainer#4-0-C-1] o.s.k.l.KafkaMessageListenerContainer    : nexus-crm-test-group-notifications: partitions assigned: [opportunity.deal-won-0]
2026-07-22T13:51:22.340+05:30  INFO 16016 --- [nexus-crm] [ntainer#3-0-C-1] o.s.k.l.KafkaMessageListenerContainer    : nexus-crm-test-group-notifications: partitions assigned: [lead.assigned-0]
2026-07-22T13:51:22.340+05:30  INFO 16016 --- [nexus-crm] [ntainer#2-0-C-1] o.s.k.l.KafkaMessageListenerContainer    : nexus-crm-test-group-notifications: partitions assigned: [task.assigned-0]
2026-07-22T13:51:22.368+05:30  INFO 16016 --- [nexus-crm] [ntainer#2-0-C-1] c.c.n.consumer.NotificationConsumer      : NotificationConsumer received TaskAssignedEvent for task ID: 67057b7d-485a-4cfd-9c77-d9b9822861f5
2026-07-22T13:51:22.372+05:30  INFO 16016 --- [nexus-crm] [ntainer#2-0-C-1] c.c.n.consumer.NotificationConsumer      : Saved TASK_ASSIGNED notification for recipient ID: 1a091564-8f2e-4635-8d80-01e04489f3a6
2026-07-22T13:51:22.476+05:30  INFO 16016 --- [nexus-crm] [           main] com.crm.task.service.TaskService         : Updated status for task ID: '67057b7d-485a-4cfd-9c77-d9b9822861f5' from TODO to COMPLETED
2026-07-22T13:51:22.476+05:30  INFO 16016 --- [nexus-crm] [           main] com.crm.audit.service.AuditService       : Recorded audit log for TASK ID '67057b7d-485a-4cfd-9c77-d9b9822861f5' action 'STATUS_CHANGE'
2026-07-22T13:51:22.498+05:30  INFO 16016 --- [nexus-crm] [           main] c.c.o.service.OpportunityService         : Created opportunity ID: 'cbd55ee8-0eb3-49b3-abe1-5639fe5eb5de' for lead ID: '608c3043-5110-4e28-9c56-82ae5bf53550'
2026-07-22T13:51:22.498+05:30  INFO 16016 --- [nexus-crm] [           main] com.crm.audit.service.AuditService       : Recorded audit log for OPPORTUNITY ID 'cbd55ee8-0eb3-49b3-abe1-5639fe5eb5de' action 'OPPORTUNITY_CREATED'
2026-07-22T13:51:22.507+05:30  INFO 16016 --- [nexus-crm] [           main] com.crm.audit.service.AuditService       : Recorded audit log for OPPORTUNITY ID 'cbd55ee8-0eb3-49b3-abe1-5639fe5eb5de' action 'STAGE_CHANGE'
2026-07-22T13:51:22.507+05:30  INFO 16016 --- [nexus-crm] [           main] c.c.o.service.OpportunityService         : Opportunity 'cbd55ee8-0eb3-49b3-abe1-5639fe5eb5de' stage transitioned from PROSPECTING -> PROPOSAL
2026-07-22T13:51:22.514+05:30  INFO 16016 --- [nexus-crm] [           main] com.crm.audit.service.AuditService       : Recorded audit log for OPPORTUNITY ID 'cbd55ee8-0eb3-49b3-abe1-5639fe5eb5de' action 'STAGE_CHANGE'
2026-07-22T13:51:22.514+05:30  INFO 16016 --- [nexus-crm] [           main] c.c.o.service.OpportunityService         : Opportunity 'cbd55ee8-0eb3-49b3-abe1-5639fe5eb5de' stage transitioned from PROPOSAL -> NEGOTIATION
2026-07-22T13:51:22.523+05:30  INFO 16016 --- [nexus-crm] [           main] c.c.o.service.OpportunityService         : Opportunity 'cbd55ee8-0eb3-49b3-abe1-5639fe5eb5de' marked as WON!
2026-07-22T13:51:22.523+05:30  INFO 16016 --- [nexus-crm] [           main] c.c.i.kafka.KafkaEventPublisher          : Publishing event to Kafka topic 'opportunity.deal-won' with key 'cbd55ee8-0eb3-49b3-abe1-5639fe5eb5de': DealWonEvent(opportunityId=cbd55ee8-0eb3-49b3-abe1-5639fe5eb5de, leadId=608c3043-5110-4e28-9c56-82ae5bf53550, title=batman-deal, amount=12000.00, organizationId=e8888888-8888-8888-8888-888888888888, timestamp=2026-07-22T08:21:22.523874400Z)
2026-07-22T13:51:22.525+05:30  INFO 16016 --- [nexus-crm] [           main] com.crm.audit.service.AuditService       : Recorded audit log for OPPORTUNITY ID 'cbd55ee8-0eb3-49b3-abe1-5639fe5eb5de' action 'STAGE_CHANGE'
2026-07-22T13:51:22.526+05:30  INFO 16016 --- [nexus-crm] [           main] c.c.o.service.OpportunityService         : Opportunity 'cbd55ee8-0eb3-49b3-abe1-5639fe5eb5de' stage transitioned from NEGOTIATION -> WON
2026-07-22T13:51:22.535+05:30  INFO 16016 --- [nexus-crm] [ntainer#0-0-C-1] o.a.k.c.c.internals.ConsumerCoordinator  : [Consumer clientId=consumer-nexus-crm-test-group-7, groupId=nexus-crm-test-group] Finished assignment for group at generation 121: {consumer-nexus-crm-test-group-16-a3b4d2f2-b3f3-4b88-8cd6-e8339df7c09f=Assignment(partitions=[lead.scored-0]), consumer-nexus-crm-test-group-7-d7c478e6-e141-4719-87e1-84f496382a06=Assignment(partitions=[]), consumer-nexus-crm-test-group-8-ea1acfdc-3842-4695-b690-7e1fe397a25b=Assignment(partitions=[]), consumer-nexus-crm-test-group-15-f7a9dbfe-17df-488b-a350-d9227f6e7959=Assignment(partitions=[opportunity.deal-won-0])}
2026-07-22T13:51:22.543+05:30  INFO 16016 --- [nexus-crm] [ntainer#0-0-C-1] o.a.k.c.c.internals.ConsumerCoordinator  : [Consumer clientId=consumer-nexus-crm-test-group-15, groupId=nexus-crm-test-group] Successfully synced group in generation Generation{generationId=121, memberId='consumer-nexus-crm-test-group-15-f7a9dbfe-17df-488b-a350-d9227f6e7959', protocol='range'}
2026-07-22T13:51:22.543+05:30  INFO 16016 --- [nexus-crm] [ntainer#0-0-C-1] o.a.k.c.c.internals.ConsumerCoordinator  : [Consumer clientId=consumer-nexus-crm-test-group-7, groupId=nexus-crm-test-group] Successfully synced group in generation Generation{generationId=121, memberId='consumer-nexus-crm-test-group-7-d7c478e6-e141-4719-87e1-84f496382a06', protocol='range'}
2026-07-22T13:51:22.543+05:30  INFO 16016 --- [nexus-crm] [ntainer#7-0-C-1] c.c.w.consumer.WorkflowEventConsumer     : Workflow received DealWonEvent for opportunity: cbd55ee8-0eb3-49b3-abe1-5639fe5eb5de
2026-07-22T13:51:22.543+05:30  INFO 16016 --- [nexus-crm] [ntainer#1-0-C-1] o.a.k.c.c.internals.ConsumerCoordinator  : [Consumer clientId=consumer-nexus-crm-test-group-16, groupId=nexus-crm-test-group] Successfully synced group in generation Generation{generationId=121, memberId='consumer-nexus-crm-test-group-16-a3b4d2f2-b3f3-4b88-8cd6-e8339df7c09f', protocol='range'}
2026-07-22T13:51:22.543+05:30  INFO 16016 --- [nexus-crm] [ntainer#0-0-C-1] o.a.k.c.c.internals.ConsumerCoordinator  : [Consumer clientId=consumer-nexus-crm-test-group-7, groupId=nexus-crm-test-group] Notifying assignor about the new Assignment(partitions=[])
2026-07-22T13:51:22.543+05:30  INFO 16016 --- [nexus-crm] [ntainer#1-0-C-1] o.a.k.c.c.internals.ConsumerCoordinator  : [Consumer clientId=consumer-nexus-crm-test-group-8, groupId=nexus-crm-test-group] Successfully synced group in generation Generation{generationId=121, memberId='consumer-nexus-crm-test-group-8-ea1acfdc-3842-4695-b690-7e1fe397a25b', protocol='range'}
2026-07-22T13:51:22.543+05:30  INFO 16016 --- [nexus-crm] [ntainer#0-0-C-1] o.a.k.c.c.internals.ConsumerCoordinator  : [Consumer clientId=consumer-nexus-crm-test-group-15, groupId=nexus-crm-test-group] Notifying assignor about the new Assignment(partitions=[opportunity.deal-won-0])
2026-07-22T13:51:22.543+05:30  INFO 16016 --- [nexus-crm] [ntainer#7-0-C-1] c.crm.workflow.service.WorkflowService   : Evaluating workflow rules for event: 'DEAL_WON' in tenant: 'e8888888-8888-8888-8888-888888888888'
2026-07-22T13:51:22.543+05:30  INFO 16016 --- [nexus-crm] [ntainer#0-0-C-1] k.c.c.i.ConsumerRebalanceListenerInvoker : [Consumer clientId=consumer-nexus-crm-test-group-7, groupId=nexus-crm-test-group] Adding newly assigned partitions: 
2026-07-22T13:51:22.543+05:30  INFO 16016 --- [nexus-crm] [ntainer#0-0-C-1] k.c.c.i.ConsumerRebalanceListenerInvoker : [Consumer clientId=consumer-nexus-crm-test-group-15, groupId=nexus-crm-test-group] Adding newly assigned partitions: opportunity.deal-won-0
2026-07-22T13:51:22.543+05:30  INFO 16016 --- [nexus-crm] [ntainer#0-0-C-1] o.s.k.l.KafkaMessageListenerContainer    : nexus-crm-test-group: partitions assigned: []
2026-07-22T13:51:22.543+05:30  INFO 16016 --- [nexus-crm] [ntainer#1-0-C-1] o.a.k.c.c.internals.ConsumerCoordinator  : [Consumer clientId=consumer-nexus-crm-test-group-16, groupId=nexus-crm-test-group] Notifying assignor about the new Assignment(partitions=[lead.scored-0])
2026-07-22T13:51:22.544+05:30  INFO 16016 --- [nexus-crm] [ntainer#1-0-C-1] o.a.k.c.c.internals.ConsumerCoordinator  : [Consumer clientId=consumer-nexus-crm-test-group-8, groupId=nexus-crm-test-group] Notifying assignor about the new Assignment(partitions=[])
2026-07-22T13:51:22.544+05:30  INFO 16016 --- [nexus-crm] [ntainer#1-0-C-1] k.c.c.i.ConsumerRebalanceListenerInvoker : [Consumer clientId=consumer-nexus-crm-test-group-16, groupId=nexus-crm-test-group] Adding newly assigned partitions: lead.scored-0
2026-07-22T13:51:22.544+05:30  INFO 16016 --- [nexus-crm] [ntainer#1-0-C-1] k.c.c.i.ConsumerRebalanceListenerInvoker : [Consumer clientId=consumer-nexus-crm-test-group-8, groupId=nexus-crm-test-group] Adding newly assigned partitions: 
2026-07-22T13:51:22.544+05:30  INFO 16016 --- [nexus-crm] [ntainer#1-0-C-1] o.s.k.l.KafkaMessageListenerContainer    : nexus-crm-test-group: partitions assigned: []
2026-07-22T13:51:22.547+05:30  INFO 16016 --- [nexus-crm] [ntainer#4-0-C-1] c.c.n.consumer.NotificationConsumer      : NotificationConsumer received DealWonEvent for opportunity ID: cbd55ee8-0eb3-49b3-abe1-5639fe5eb5de
2026-07-22T13:51:22.548+05:30  INFO 16016 --- [nexus-crm] [ntainer#0-0-C-1] o.a.k.c.c.internals.ConsumerUtils        : Setting offset for partition opportunity.deal-won-0 to the committed offset FetchPosition{offset=104, offsetEpoch=Optional.empty, currentLeader=LeaderAndEpoch{leader=Optional[localhost:9092 (id: 1 rack: null)], epoch=2}}
2026-07-22T13:51:22.548+05:30  INFO 16016 --- [nexus-crm] [ntainer#1-0-C-1] o.a.k.c.c.internals.ConsumerUtils        : Setting offset for partition lead.scored-0 to the committed offset FetchPosition{offset=248, offsetEpoch=Optional.empty, currentLeader=LeaderAndEpoch{leader=Optional[localhost:9092 (id: 1 rack: null)], epoch=2}}
2026-07-22T13:51:22.549+05:30  INFO 16016 --- [nexus-crm] [ntainer#0-0-C-1] o.s.k.l.KafkaMessageListenerContainer    : nexus-crm-test-group: partitions assigned: [opportunity.deal-won-0]
2026-07-22T13:51:22.549+05:30  INFO 16016 --- [nexus-crm] [ntainer#1-0-C-1] o.s.k.l.KafkaMessageListenerContainer    : nexus-crm-test-group: partitions assigned: [lead.scored-0]
2026-07-22T13:51:22.550+05:30  INFO 16016 --- [nexus-crm] [ntainer#4-0-C-1] c.c.n.consumer.NotificationConsumer      : Saved DEAL_WON notification for recipient ID: 608c3043-5110-4e28-9c56-82ae5bf53550
2026-07-22T13:51:22.572+05:30  INFO 16016 --- [nexus-crm] [ntainer#1-0-C-1] c.c.l.consumer.LeadScoredEventConsumer   : Received LeadScoredEvent for lead ID: 608c3043-5110-4e28-9c56-82ae5bf53550, score: 90
2026-07-22T13:51:22.573+05:30  INFO 16016 --- [nexus-crm] [ntainer#0-0-C-1] c.crm.customer.consumer.DealWonConsumer  : Received DealWonEvent for opportunity ID: cbd55ee8-0eb3-49b3-abe1-5639fe5eb5de, lead ID: 608c3043-5110-4e28-9c56-82ae5bf53550
2026-07-22T13:51:22.586+05:30  INFO 16016 --- [nexus-crm] [ntainer#0-0-C-1] c.c.c.service.CustomerDedupService       : Dedup Match Found! Linking opportunity to existing Customer Account ID: '715dddfc-da0b-4eff-9d78-13ff4f36ec32' (Domain: 'cyberdyne.com')
2026-07-22T13:51:22.589+05:30  INFO 16016 --- [nexus-crm] [ntainer#1-0-C-1] c.c.lead.service.LeadAssignmentService   : Lead 608c3043-5110-4e28-9c56-82ae5bf53550 successfully auto-assigned to Rep 768990ab-c29c-4422-aee5-965aaf120e3a
2026-07-22T13:51:22.591+05:30  INFO 16016 --- [nexus-crm] [ntainer#0-0-C-1] com.crm.audit.service.AuditService       : Recorded audit log for LEAD ID '608c3043-5110-4e28-9c56-82ae5bf53550' action 'STATUS_CHANGE'
2026-07-22T13:51:22.591+05:30  INFO 16016 --- [nexus-crm] [ntainer#0-0-C-1] c.crm.customer.consumer.DealWonConsumer  : Successfully converted deal cbd55ee8-0eb3-49b3-abe1-5639fe5eb5de into Customer Account ID '715dddfc-da0b-4eff-9d78-13ff4f36ec32' (Lead 608c3043-5110-4e28-9c56-82ae5bf53550 updated to CONVERTED)
2026-07-22T13:51:22.592+05:30  INFO 16016 --- [nexus-crm] [ntainer#1-0-C-1] c.c.l.consumer.LeadScoredEventConsumer   : Publishing LeadAssignedEvent for lead ID: 608c3043-5110-4e28-9c56-82ae5bf53550 assigned to Rep ID: 768990ab-c29c-4422-aee5-965aaf120e3a
2026-07-22T13:51:22.592+05:30  INFO 16016 --- [nexus-crm] [ntainer#1-0-C-1] c.c.i.kafka.KafkaEventPublisher          : Publishing event to Kafka topic 'lead.assigned' with key '608c3043-5110-4e28-9c56-82ae5bf53550': LeadAssignedEvent(leadId=608c3043-5110-4e28-9c56-82ae5bf53550, assignedRepId=768990ab-c29c-4422-aee5-965aaf120e3a, score=90, organizationId=e8888888-8888-8888-8888-888888888888, timestamp=2026-07-22T08:21:22.589660200Z)
2026-07-22T13:51:22.594+05:30  INFO 16016 --- [nexus-crm] [ntainer#1-0-C-1] o.a.k.clients.producer.ProducerConfig    : ProducerConfig values: 
	acks = -1
	auto.include.jmx.reporter = true
	batch.size = 16384
	bootstrap.servers = [localhost:9092]
	buffer.memory = 33554432
	client.dns.lookup = use_all_dns_ips
	client.id = nexus-crm-producer-1
	compression.gzip.level = -1
	compression.lz4.level = 9
	compression.type = none
	compression.zstd.level = 3
	connections.max.idle.ms = 540000
	delivery.timeout.ms = 120000
	enable.idempotence = true
	enable.metrics.push = true
	interceptor.classes = []
	key.serializer = class org.apache.kafka.common.serialization.StringSerializer
	linger.ms = 0
	max.block.ms = 60000
	max.in.flight.requests.per.connection = 5
	max.request.size = 1048576
	metadata.max.age.ms = 300000
	metadata.max.idle.ms = 300000
	metadata.recovery.strategy = none
	metric.reporters = []
	metrics.num.samples = 2
	metrics.recording.level = INFO
	metrics.sample.window.ms = 30000
	partitioner.adaptive.partitioning.enable = true
	partitioner.availability.timeout.ms = 0
	partitioner.class = null
	partitioner.ignore.keys = false
	receive.buffer.bytes = 32768
	reconnect.backoff.max.ms = 1000
	reconnect.backoff.ms = 50
	request.timeout.ms = 30000
	retries = 2147483647
	retry.backoff.max.ms = 1000
	retry.backoff.ms = 100
	sasl.client.callback.handler.class = null
	sasl.jaas.config = null
	sasl.kerberos.kinit.cmd = /usr/bin/kinit
	sasl.kerberos.min.time.before.relogin = 60000
	sasl.kerberos.service.name = null
	sasl.kerberos.ticket.renew.jitter = 0.05
	sasl.kerberos.ticket.renew.window.factor = 0.8
	sasl.login.callback.handler.class = null
	sasl.login.class = null
	sasl.login.connect.timeout.ms = null
	sasl.login.read.timeout.ms = null
	sasl.login.refresh.buffer.seconds = 300
	sasl.login.refresh.min.period.seconds = 60
	sasl.login.refresh.window.factor = 0.8
	sasl.login.refresh.window.jitter = 0.05
	sasl.login.retry.backoff.max.ms = 10000
	sasl.login.retry.backoff.ms = 100
	sasl.mechanism = GSSAPI
	sasl.oauthbearer.clock.skew.seconds = 30
	sasl.oauthbearer.expected.audience = null
	sasl.oauthbearer.expected.issuer = null
	sasl.oauthbearer.jwks.endpoint.refresh.ms = 3600000
	sasl.oauthbearer.jwks.endpoint.retry.backoff.max.ms = 10000
	sasl.oauthbearer.jwks.endpoint.retry.backoff.ms = 100
	sasl.oauthbearer.jwks.endpoint.url = null
	sasl.oauthbearer.scope.claim.name = scope
	sasl.oauthbearer.sub.claim.name = sub
	sasl.oauthbearer.token.endpoint.url = null
	security.protocol = PLAINTEXT
	security.providers = null
	send.buffer.bytes = 131072
	socket.connection.setup.timeout.max.ms = 30000
	socket.connection.setup.timeout.ms = 10000
	ssl.cipher.suites = null
	ssl.enabled.protocols = [TLSv1.2, TLSv1.3]
	ssl.endpoint.identification.algorithm = https
	ssl.engine.factory.class = null
	ssl.key.password = null
	ssl.keymanager.algorithm = SunX509
	ssl.keystore.certificate.chain = null
	ssl.keystore.key = null
	ssl.keystore.location = null
	ssl.keystore.password = null
	ssl.keystore.type = JKS
	ssl.protocol = TLSv1.3
	ssl.provider = null
	ssl.secure.random.implementation = null
	ssl.trustmanager.algorithm = PKIX
	ssl.truststore.certificates = null
	ssl.truststore.location = null
	ssl.truststore.password = null
	ssl.truststore.type = JKS
	transaction.timeout.ms = 60000
	transactional.id = null
	value.serializer = class org.springframework.kafka.support.serializer.JsonSerializer

2026-07-22T13:51:22.594+05:30  INFO 16016 --- [nexus-crm] [ntainer#1-0-C-1] o.a.k.c.t.i.KafkaMetricsCollector        : initializing Kafka metrics collector
2026-07-22T13:51:22.596+05:30  INFO 16016 --- [nexus-crm] [ntainer#1-0-C-1] o.a.k.clients.producer.KafkaProducer     : [Producer clientId=nexus-crm-producer-1] Instantiated an idempotent producer.
2026-07-22T13:51:22.606+05:30  INFO 16016 --- [nexus-crm] [ntainer#1-0-C-1] o.a.kafka.common.utils.AppInfoParser     : The mbean of App info: [kafka.producer], id: [nexus-crm-producer-1] already exists, so skipping a new mbean creation.
2026-07-22T13:51:22.619+05:30  INFO 16016 --- [nexus-crm] [-crm-producer-1] org.apache.kafka.clients.Metadata        : [Producer clientId=nexus-crm-producer-1] Cluster ID: 5L6g3nShT-eMCtK--X86sw
2026-07-22T13:51:22.620+05:30  INFO 16016 --- [nexus-crm] [-crm-producer-1] o.a.k.c.p.internals.TransactionManager   : [Producer clientId=nexus-crm-producer-1] ProducerId set to 1026 with epoch 0
2026-07-22T13:51:22.646+05:30  INFO 16016 --- [nexus-crm] [ntainer#3-0-C-1] c.c.n.consumer.NotificationConsumer      : NotificationConsumer received LeadAssignedEvent for lead ID: 608c3043-5110-4e28-9c56-82ae5bf53550
2026-07-22T13:51:22.649+05:30  INFO 16016 --- [nexus-crm] [ntainer#3-0-C-1] c.c.n.consumer.NotificationConsumer      : Saved LEAD_ASSIGNED notification for rep ID: 768990ab-c29c-4422-aee5-965aaf120e3a
2026-07-22T13:51:22.660+05:30  INFO 16016 --- [nexus-crm] [           main] com.crm.task.service.TaskService         : Created task ID: '7ab523ae-3745-4069-a982-4cbc01f26cd8' assigned to: '1a091564-8f2e-4635-8d80-01e04489f3a6'
2026-07-22T13:51:22.660+05:30  INFO 16016 --- [nexus-crm] [           main] c.c.i.kafka.KafkaEventPublisher          : Publishing event to Kafka topic 'task.assigned' with key '7ab523ae-3745-4069-a982-4cbc01f26cd8': TaskAssignedEvent(taskId=7ab523ae-3745-4069-a982-4cbc01f26cd8, assignedTo=1a091564-8f2e-4635-8d80-01e04489f3a6, title=Follow-up meeting after signing, dueDate=null, organizationId=null, timestamp=2026-07-22T08:21:22.660724100Z)
2026-07-22T13:51:22.662+05:30  INFO 16016 --- [nexus-crm] [           main] com.crm.audit.service.AuditService       : Recorded audit log for TASK ID '7ab523ae-3745-4069-a982-4cbc01f26cd8' action 'TASK_CREATED'
2026-07-22T13:51:22.676+05:30  INFO 16016 --- [nexus-crm] [ntainer#2-0-C-1] c.c.n.consumer.NotificationConsumer      : NotificationConsumer received TaskAssignedEvent for task ID: 7ab523ae-3745-4069-a982-4cbc01f26cd8
2026-07-22T13:51:22.679+05:30  INFO 16016 --- [nexus-crm] [ntainer#2-0-C-1] c.c.n.consumer.NotificationConsumer      : Saved TASK_ASSIGNED notification for recipient ID: 1a091564-8f2e-4635-8d80-01e04489f3a6
]]></system-out>
  </testcase>
</testsuite>